<?xml version="1.0" encoding="UTF-8"?>
<testng-results skipped="0" failed="0" ignored="0" total="1" passed="1">
  <reporter-output>
  </reporter-output>
  <suite name="inetBankingV1" duration-ms="7171" started-at="2022-02-06T02:48:58 EST" finished-at="2022-02-06T02:49:05 EST">
    <groups>
    </groups>
    <test name="BankingAppTest" duration-ms="7171" started-at="2022-02-06T02:48:58 EST" finished-at="2022-02-06T02:49:05 EST">
      <class name="com.inetBanking.testCases.TC_loginTest_001">
        <test-method status="PASS" signature="setUp(java.lang.String)[pri:0, instance:com.inetBanking.testCases.TC_loginTest_001@2bbf4b8b]" name="setUp" is-config="true" duration-ms="5600" started-at="2022-02-06T02:48:58 EST" finished-at="2022-02-06T02:49:04 EST">
          <params>
            <param index="0">
              <value>
                <![CDATA[chrome]]>
              </value>
            </param>
          </params>
          <reporter-output>
          </reporter-output>
        </test-method> <!-- setUp -->
        <test-method status="PASS" signature="loginTest()[pri:0, instance:com.inetBanking.testCases.TC_loginTest_001@2bbf4b8b]" name="loginTest" duration-ms="728" started-at="2022-02-06T02:49:04 EST" finished-at="2022-02-06T02:49:04 EST">
          <reporter-output>
          </reporter-output>
        </test-method> <!-- loginTest -->
        <test-method status="PASS" signature="tearDown()[pri:0, instance:com.inetBanking.testCases.TC_loginTest_001@2bbf4b8b]" name="tearDown" is-config="true" duration-ms="628" started-at="2022-02-06T02:49:04 EST" finished-at="2022-02-06T02:49:05 EST">
          <reporter-output>
          </reporter-output>
        </test-method> <!-- tearDown -->
      </class> <!-- com.inetBanking.testCases.TC_loginTest_001 -->
    </test> <!-- BankingAppTest -->
  </suite> <!-- inetBankingV1 -->
</testng-results>
